D [2016-10-16 19:22:16.109] @AutoItExe: C:\Git\MyBot6_30\MyBot.run.exe
D [2016-10-16 19:22:16.109] @ScriptFullPath: C:\Git\MyBot6_30\MyBot.run.exe
D [2016-10-16 19:22:16.110] @WorkingDir: C:\Git\MyBot6_30
D [2016-10-16 19:22:16.110] @AutoItPID: 7220
D [2016-10-16 19:22:16.110] @OSArch: X64
D [2016-10-16 19:22:16.110] @OSVersion: WIN_10
D [2016-10-16 19:22:16.111] @OSBuild: 14393
D [2016-10-16 19:22:16.111] @OSServicePack: 
D [2016-10-16 19:22:16.111] Primary Display: 1920 x 1080 - 32bit
D [2016-10-16 19:22:16.117] Read Building Config C:\Git\MyBot6_30\Profiles\MyVillage\building.ini
D [2016-10-16 19:22:16.130] Read Config C:\Git\MyBot6_30\Profiles\MyVillage\config.ini
D [2016-10-16 19:22:16.209] MBRfunctions.dll opened.
D [2016-10-16 19:22:16.211] DetectRunningAndroid()
D [2016-10-16 19:22:16.212] UpdateAndroidConfig("MEmu")
D [2016-10-16 19:22:16.212] InitAndroid(False): MEmu
L [2016-10-16 19:22:16.213] Serious error has occurred: Cannot find MEmu:
L [2016-10-16 19:22:16.213] C:\Program Files (x86)\Microvirt\MEmu\MEmu.exe
L [2016-10-16 19:22:16.214] Android support for MEmu is not available
D [2016-10-16 19:22:16.214] InitAndroid(False): MEmu END, initialization successful = True, result = False
D [2016-10-16 19:22:16.214] UpdateAndroidConfig("MEmu") END
D [2016-10-16 19:22:16.215] UpdateAndroidConfig("")
D [2016-10-16 19:22:16.215] InitAndroid(False): BlueStacks2
L [2016-10-16 19:22:16.216] Serious error has occurred: Cannot find BlueStacks2:
L [2016-10-16 19:22:16.216] C:\Program Files (x86)\BlueStacks\HD-Frontend.exe
D [2016-10-16 19:22:16.216] InitAndroid(False): BlueStacks2 END, initialization successful = True, result = False
D [2016-10-16 19:22:16.217] UpdateAndroidConfig("") END
D [2016-10-16 19:22:16.217] UpdateAndroidConfig("")
D [2016-10-16 19:22:16.217] InitAndroid(False): BlueStacks
L [2016-10-16 19:22:16.218] Serious error has occurred: Cannot find BlueStacks:
L [2016-10-16 19:22:16.219] C:\Program Files (x86)\BlueStacks\HD-Frontend.exe
D [2016-10-16 19:22:16.219] InitAndroid(False): BlueStacks END, initialization successful = True, result = False
D [2016-10-16 19:22:16.219] UpdateAndroidConfig("") END
D [2016-10-16 19:22:16.219] UpdateAndroidConfig("KOPLAYER")
D [2016-10-16 19:22:16.220] InitAndroid(False): KOPLAYER
L [2016-10-16 19:22:16.220] Serious error has occurred: Cannot find KOPLAYER:
L [2016-10-16 19:22:16.221] C:\Program Files (x86)\KOPLAYER\KOPLAYER.exe
L [2016-10-16 19:22:16.221] Android support for KOPLAYER is not available
D [2016-10-16 19:22:16.221] InitAndroid(False): KOPLAYER END, initialization successful = True, result = False
D [2016-10-16 19:22:16.222] UpdateAndroidConfig("KOPLAYER") END
D [2016-10-16 19:22:16.222] UpdateAndroidConfig("droid4x")
D [2016-10-16 19:22:16.222] InitAndroid(False): Droid4X
L [2016-10-16 19:22:16.223] Serious error has occurred: Cannot find Droid4X:
L [2016-10-16 19:22:16.223] C:\Program Files (x86)\Droid4X\Droid4X.exe
L [2016-10-16 19:22:16.224] Android support for Droid4X is not available
D [2016-10-16 19:22:16.224] InitAndroid(False): Droid4X END, initialization successful = True, result = False
D [2016-10-16 19:22:16.224] UpdateAndroidConfig("droid4x") END
D [2016-10-16 19:22:16.224] UpdateAndroidConfig("vm1")
D [2016-10-16 19:22:16.225] InitAndroid(False): LeapDroid
L [2016-10-16 19:22:16.226] Serious error has occurred: Cannot find LeapDroid
L [2016-10-16 19:22:16.226] installation directory
L [2016-10-16 19:22:16.227] Android support for LeapDroid is not available
D [2016-10-16 19:22:16.227] InitAndroid(False): LeapDroid END, initialization successful = True, result = False
D [2016-10-16 19:22:16.227] UpdateAndroidConfig("vm1") END
D [2016-10-16 19:22:16.227] UpdateAndroidConfig("nox")
D [2016-10-16 19:22:16.228] InitAndroid(False): Nox
L [2016-10-16 19:22:16.228] Serious error has occurred: Cannot find Nox file:
L [2016-10-16 19:22:16.229] Nox.exe
L [2016-10-16 19:22:16.229] Android support for Nox is not available
D [2016-10-16 19:22:16.230] InitAndroid(False): Nox END, initialization successful = True, result = False
D [2016-10-16 19:22:16.230] UpdateAndroidConfig("nox") END
D [2016-10-16 19:22:16.230] UpdateAndroidConfig("MEmu")
D [2016-10-16 19:22:16.230] InitAndroid(False): MEmu
L [2016-10-16 19:22:16.231] Serious error has occurred: Cannot find MEmu:
L [2016-10-16 19:22:16.231] C:\Program Files (x86)\Microvirt\MEmu\MEmu.exe
L [2016-10-16 19:22:16.232] Android support for MEmu is not available
D [2016-10-16 19:22:16.232] InitAndroid(False): MEmu END, initialization successful = True, result = False
D [2016-10-16 19:22:16.232] UpdateAndroidConfig("MEmu") END
D [2016-10-16 19:22:16.233] Found no running Android Emulator
D [2016-10-16 19:22:16.233] DetectInstalledAndroid()
D [2016-10-16 19:22:16.233] UpdateAndroidConfig("MEmu")
D [2016-10-16 19:22:16.234] InitAndroid(False): MEmu
L [2016-10-16 19:22:16.234] Serious error has occurred: Cannot find MEmu:
L [2016-10-16 19:22:16.235] C:\Program Files (x86)\Microvirt\MEmu\MEmu.exe
L [2016-10-16 19:22:16.235] Android support for MEmu is not available
D [2016-10-16 19:22:16.236] InitAndroid(False): MEmu END, initialization successful = True, result = False
D [2016-10-16 19:22:16.236] UpdateAndroidConfig("MEmu") END
D [2016-10-16 19:22:16.236] UpdateAndroidConfig("")
D [2016-10-16 19:22:16.236] InitAndroid(False): BlueStacks2
L [2016-10-16 19:22:16.237] Serious error has occurred: Cannot find BlueStacks2:
L [2016-10-16 19:22:16.237] C:\Program Files (x86)\BlueStacks\HD-Frontend.exe
D [2016-10-16 19:22:16.238] InitAndroid(False): BlueStacks2 END, initialization successful = True, result = False
D [2016-10-16 19:22:16.238] UpdateAndroidConfig("") END
D [2016-10-16 19:22:16.238] UpdateAndroidConfig("")
D [2016-10-16 19:22:16.239] InitAndroid(False): BlueStacks
L [2016-10-16 19:22:16.239] Serious error has occurred: Cannot find BlueStacks:
L [2016-10-16 19:22:16.240] C:\Program Files (x86)\BlueStacks\HD-Frontend.exe
D [2016-10-16 19:22:16.240] InitAndroid(False): BlueStacks END, initialization successful = True, result = False
D [2016-10-16 19:22:16.240] UpdateAndroidConfig("") END
D [2016-10-16 19:22:16.240] UpdateAndroidConfig("KOPLAYER")
D [2016-10-16 19:22:16.241] InitAndroid(False): KOPLAYER
L [2016-10-16 19:22:16.241] Serious error has occurred: Cannot find KOPLAYER:
L [2016-10-16 19:22:16.242] C:\Program Files (x86)\KOPLAYER\KOPLAYER.exe
L [2016-10-16 19:22:16.242] Android support for KOPLAYER is not available
D [2016-10-16 19:22:16.242] InitAndroid(False): KOPLAYER END, initialization successful = True, result = False
D [2016-10-16 19:22:16.243] UpdateAndroidConfig("KOPLAYER") END
D [2016-10-16 19:22:16.243] UpdateAndroidConfig("droid4x")
D [2016-10-16 19:22:16.243] InitAndroid(False): Droid4X
L [2016-10-16 19:22:16.244] Serious error has occurred: Cannot find Droid4X:
L [2016-10-16 19:22:16.244] C:\Program Files (x86)\Droid4X\Droid4X.exe
L [2016-10-16 19:22:16.245] Android support for Droid4X is not available
D [2016-10-16 19:22:16.245] InitAndroid(False): Droid4X END, initialization successful = True, result = False
D [2016-10-16 19:22:16.245] UpdateAndroidConfig("droid4x") END
D [2016-10-16 19:22:16.246] UpdateAndroidConfig("vm1")
D [2016-10-16 19:22:16.246] InitAndroid(False): LeapDroid
L [2016-10-16 19:22:16.247] Serious error has occurred: Cannot find LeapDroid
L [2016-10-16 19:22:16.247] installation directory
L [2016-10-16 19:22:16.248] Android support for LeapDroid is not available
D [2016-10-16 19:22:16.248] InitAndroid(False): LeapDroid END, initialization successful = True, result = False
D [2016-10-16 19:22:16.248] UpdateAndroidConfig("vm1") END
D [2016-10-16 19:22:16.248] UpdateAndroidConfig("nox")
D [2016-10-16 19:22:16.249] InitAndroid(False): Nox
L [2016-10-16 19:22:16.249] Serious error has occurred: Cannot find Nox file:
L [2016-10-16 19:22:16.250] Nox.exe
L [2016-10-16 19:22:16.250] Android support for Nox is not available
D [2016-10-16 19:22:16.251] InitAndroid(False): Nox END, initialization successful = True, result = False
D [2016-10-16 19:22:16.251] UpdateAndroidConfig("nox") END
D [2016-10-16 19:22:16.251] UpdateAndroidConfig("MEmu")
D [2016-10-16 19:22:16.251] InitAndroid(False): MEmu
L [2016-10-16 19:22:16.252] Serious error has occurred: Cannot find MEmu:
L [2016-10-16 19:22:16.252] C:\Program Files (x86)\Microvirt\MEmu\MEmu.exe
L [2016-10-16 19:22:16.253] Android support for MEmu is not available
D [2016-10-16 19:22:16.253] InitAndroid(False): MEmu END, initialization successful = True, result = False
D [2016-10-16 19:22:16.253] UpdateAndroidConfig("MEmu") END
D [2016-10-16 19:22:16.254] Found no installed Android Emulator
D [2016-10-16 19:22:16.256] My Bot is the only running instance
D [2016-10-16 19:22:18.546] Redraw MyBot ControlIds (forced): 0x000316B2, 0x000316BE
D [2016-10-16 19:22:18.546] Control ID 0x000316B2 Pos: 10, 115, 450, 270
D [2016-10-16 19:22:18.546] Control ID 0x000316BE Pos: 10, 389, 450, 90
D [2016-10-16 19:22:18.573] $frmBot=0x00200548
D [2016-10-16 19:22:18.573] $frmBotEx=0x003A04CA
D [2016-10-16 19:22:18.573] $frmBotBottom=0x000516E2
D [2016-10-16 19:22:18.574] $frmBotEmbeddedShield=0
D [2016-10-16 19:22:18.574] $frmBotEmbeddedGarphics=0
D [2016-10-16 19:22:18.605] Read Building Config C:\Git\MyBot6_30\Profiles\MyVillage\building.ini
D [2016-10-16 19:22:18.618] Read Config C:\Git\MyBot6_30\Profiles\MyVillage\config.ini
D [2016-10-16 19:22:18.684] Apply Config
D [2016-10-16 19:22:18.791] Redraw MyBot Window
L [2016-10-16 19:22:18.801] Android Emulator Configuration: MEmu (instance MEmu)
L [2016-10-16 19:22:20.394] YOU ARE USING A FUTURE VERSION OF MYBOT CHIEF!
L [2016-10-16 19:22:20.403] YOUR VERSION: v6.3.u
L [2016-10-16 19:22:20.410] OFFICIAL VERSION: v6.2.2
L [2016-10-16 19:22:20.417]  
D [2016-10-16 19:22:20.423] MyBot.run launch time 4326 ms.
L [2016-10-16 19:22:40.056] Closing My Bot v6.3.u.r2301 (MEmu), please wait ...
L [2016-10-16 19:22:40.071] Closing My Bot v6.3.u.r2301 (MEmu) now ...
D [2016-10-16 19:22:40.076] Searching MEmu Window: Title = 'MEmu ', Class = '[CLASS:subWin; INSTANCE:1]', Text = ''
D [2016-10-16 19:22:40.076] MEmu (MEmu) Window not found in list
D [2016-10-16 19:22:41.164] Android Emulator not launched
D [2016-10-16 19:22:41.209] Save Config C:\Git\MyBot6_30\Profiles\MyVillage\config.ini
D [2016-10-16 19:22:41.321] GUIControl_WM_NCACTIVATE: Deactivate Bot
D [2016-10-16 19:22:42.721] Save Building Config C:\Git\MyBot6_30\Profiles\MyVillage\building.ini
D [2016-10-16 19:22:43.247] MBRfunctions.dll closed.
