D [2016-10-16 19:23:19.691] @AutoItExe: C:\Git\MyBot6_30\MyBot.run.exe
D [2016-10-16 19:23:19.694] @ScriptFullPath: C:\Git\MyBot6_30\MyBot.run.exe
D [2016-10-16 19:23:19.695] @WorkingDir: C:\Git\MyBot6_30
D [2016-10-16 19:23:19.695] @AutoItPID: 7580
D [2016-10-16 19:23:19.695] @OSArch: X64
D [2016-10-16 19:23:19.695] @OSVersion: WIN_10
D [2016-10-16 19:23:19.696] @OSBuild: 14393
D [2016-10-16 19:23:19.696] @OSServicePack: 
D [2016-10-16 19:23:19.696] Primary Display: 1920 x 1080 - 32bit
D [2016-10-16 19:23:19.703] Read Building Config C:\Git\MyBot6_30\Profiles\MyVillage\building.ini
D [2016-10-16 19:23:19.715] Read Config C:\Git\MyBot6_30\Profiles\MyVillage\config.ini
D [2016-10-16 19:23:19.796] MBRfunctions.dll opened.
D [2016-10-16 19:23:19.798] DetectRunningAndroid()
D [2016-10-16 19:23:19.799] UpdateAndroidConfig("MEmu")
D [2016-10-16 19:23:19.799] InitAndroid(False): MEmu
L [2016-10-16 19:23:19.800] Serious error has occurred: Cannot find MEmu:
L [2016-10-16 19:23:19.800] C:\Program Files (x86)\Microvirt\MEmu\MEmu.exe
L [2016-10-16 19:23:19.801] Android support for MEmu is not available
D [2016-10-16 19:23:19.801] InitAndroid(False): MEmu END, initialization successful = True, result = False
D [2016-10-16 19:23:19.801] UpdateAndroidConfig("MEmu") END
D [2016-10-16 19:23:19.802] UpdateAndroidConfig("")
D [2016-10-16 19:23:19.802] InitAndroid(False): BlueStacks2
L [2016-10-16 19:23:19.803] Serious error has occurred: Cannot find BlueStacks2:
L [2016-10-16 19:23:19.803] C:\Program Files (x86)\BlueStacks\HD-Frontend.exe
D [2016-10-16 19:23:19.803] InitAndroid(False): BlueStacks2 END, initialization successful = True, result = False
D [2016-10-16 19:23:19.804] UpdateAndroidConfig("") END
D [2016-10-16 19:23:19.804] UpdateAndroidConfig("")
D [2016-10-16 19:23:19.804] InitAndroid(False): BlueStacks
L [2016-10-16 19:23:19.805] Serious error has occurred: Cannot find BlueStacks:
L [2016-10-16 19:23:19.805] C:\Program Files (x86)\BlueStacks\HD-Frontend.exe
D [2016-10-16 19:23:19.805] InitAndroid(False): BlueStacks END, initialization successful = True, result = False
D [2016-10-16 19:23:19.806] UpdateAndroidConfig("") END
D [2016-10-16 19:23:19.806] UpdateAndroidConfig("KOPLAYER")
D [2016-10-16 19:23:19.806] InitAndroid(False): KOPLAYER
L [2016-10-16 19:23:19.807] Serious error has occurred: Cannot find KOPLAYER:
L [2016-10-16 19:23:19.807] C:\Program Files (x86)\KOPLAYER\KOPLAYER.exe
L [2016-10-16 19:23:19.808] Android support for KOPLAYER is not available
D [2016-10-16 19:23:19.808] InitAndroid(False): KOPLAYER END, initialization successful = True, result = False
D [2016-10-16 19:23:19.808] UpdateAndroidConfig("KOPLAYER") END
D [2016-10-16 19:23:19.809] UpdateAndroidConfig("droid4x")
D [2016-10-16 19:23:19.809] InitAndroid(False): Droid4X
L [2016-10-16 19:23:19.809] Serious error has occurred: Cannot find Droid4X:
L [2016-10-16 19:23:19.810] C:\Program Files (x86)\Droid4X\Droid4X.exe
L [2016-10-16 19:23:19.810] Android support for Droid4X is not available
D [2016-10-16 19:23:19.811] InitAndroid(False): Droid4X END, initialization successful = True, result = False
D [2016-10-16 19:23:19.811] UpdateAndroidConfig("droid4x") END
D [2016-10-16 19:23:19.811] UpdateAndroidConfig("vm1")
D [2016-10-16 19:23:19.812] InitAndroid(False): LeapDroid
L [2016-10-16 19:23:19.813] Serious error has occurred: Cannot find LeapDroid
L [2016-10-16 19:23:19.813] installation directory
L [2016-10-16 19:23:19.814] Android support for LeapDroid is not available
D [2016-10-16 19:23:19.814] InitAndroid(False): LeapDroid END, initialization successful = True, result = False
D [2016-10-16 19:23:19.814] UpdateAndroidConfig("vm1") END
D [2016-10-16 19:23:19.815] UpdateAndroidConfig("nox")
D [2016-10-16 19:23:19.815] InitAndroid(False): Nox
L [2016-10-16 19:23:19.816] Serious error has occurred: Cannot find Nox file:
L [2016-10-16 19:23:19.816] Nox.exe
L [2016-10-16 19:23:19.817] Android support for Nox is not available
D [2016-10-16 19:23:19.817] InitAndroid(False): Nox END, initialization successful = True, result = False
D [2016-10-16 19:23:19.817] UpdateAndroidConfig("nox") END
D [2016-10-16 19:23:19.817] UpdateAndroidConfig("MEmu")
D [2016-10-16 19:23:19.818] InitAndroid(False): MEmu
L [2016-10-16 19:23:19.818] Serious error has occurred: Cannot find MEmu:
L [2016-10-16 19:23:19.819] C:\Program Files (x86)\Microvirt\MEmu\MEmu.exe
L [2016-10-16 19:23:19.819] Android support for MEmu is not available
D [2016-10-16 19:23:19.820] InitAndroid(False): MEmu END, initialization successful = True, result = False
D [2016-10-16 19:23:19.820] UpdateAndroidConfig("MEmu") END
D [2016-10-16 19:23:19.820] Found no running Android Emulator
D [2016-10-16 19:23:19.820] DetectInstalledAndroid()
D [2016-10-16 19:23:19.821] UpdateAndroidConfig("MEmu")
D [2016-10-16 19:23:19.821] InitAndroid(False): MEmu
L [2016-10-16 19:23:19.822] Serious error has occurred: Cannot find MEmu:
L [2016-10-16 19:23:19.822] C:\Program Files (x86)\Microvirt\MEmu\MEmu.exe
L [2016-10-16 19:23:19.823] Android support for MEmu is not available
D [2016-10-16 19:23:19.823] InitAndroid(False): MEmu END, initialization successful = True, result = False
D [2016-10-16 19:23:19.823] UpdateAndroidConfig("MEmu") END
D [2016-10-16 19:23:19.823] UpdateAndroidConfig("")
D [2016-10-16 19:23:19.824] InitAndroid(False): BlueStacks2
L [2016-10-16 19:23:19.824] Serious error has occurred: Cannot find BlueStacks2:
L [2016-10-16 19:23:19.825] C:\Program Files (x86)\BlueStacks\HD-Frontend.exe
D [2016-10-16 19:23:19.825] InitAndroid(False): BlueStacks2 END, initialization successful = True, result = False
D [2016-10-16 19:23:19.825] UpdateAndroidConfig("") END
D [2016-10-16 19:23:19.825] UpdateAndroidConfig("")
D [2016-10-16 19:23:19.826] InitAndroid(False): BlueStacks
L [2016-10-16 19:23:19.826] Serious error has occurred: Cannot find BlueStacks:
L [2016-10-16 19:23:19.827] C:\Program Files (x86)\BlueStacks\HD-Frontend.exe
D [2016-10-16 19:23:19.827] InitAndroid(False): BlueStacks END, initialization successful = True, result = False
D [2016-10-16 19:23:19.828] UpdateAndroidConfig("") END
D [2016-10-16 19:23:19.828] UpdateAndroidConfig("KOPLAYER")
D [2016-10-16 19:23:19.828] InitAndroid(False): KOPLAYER
L [2016-10-16 19:23:19.829] Serious error has occurred: Cannot find KOPLAYER:
L [2016-10-16 19:23:19.829] C:\Program Files (x86)\KOPLAYER\KOPLAYER.exe
L [2016-10-16 19:23:19.830] Android support for KOPLAYER is not available
D [2016-10-16 19:23:19.830] InitAndroid(False): KOPLAYER END, initialization successful = True, result = False
D [2016-10-16 19:23:19.831] UpdateAndroidConfig("KOPLAYER") END
D [2016-10-16 19:23:19.831] UpdateAndroidConfig("droid4x")
D [2016-10-16 19:23:19.831] InitAndroid(False): Droid4X
L [2016-10-16 19:23:19.832] Serious error has occurred: Cannot find Droid4X:
L [2016-10-16 19:23:19.832] C:\Program Files (x86)\Droid4X\Droid4X.exe
L [2016-10-16 19:23:19.833] Android support for Droid4X is not available
D [2016-10-16 19:23:19.833] InitAndroid(False): Droid4X END, initialization successful = True, result = False
D [2016-10-16 19:23:19.833] UpdateAndroidConfig("droid4x") END
D [2016-10-16 19:23:19.834] UpdateAndroidConfig("vm1")
D [2016-10-16 19:23:19.834] InitAndroid(False): LeapDroid
L [2016-10-16 19:23:19.835] Serious error has occurred: Cannot find LeapDroid
L [2016-10-16 19:23:19.836] installation directory
L [2016-10-16 19:23:19.836] Android support for LeapDroid is not available
D [2016-10-16 19:23:19.836] InitAndroid(False): LeapDroid END, initialization successful = True, result = False
D [2016-10-16 19:23:19.837] UpdateAndroidConfig("vm1") END
D [2016-10-16 19:23:19.837] UpdateAndroidConfig("nox")
D [2016-10-16 19:23:19.837] InitAndroid(False): Nox
L [2016-10-16 19:23:19.838] Serious error has occurred: Cannot find Nox file:
L [2016-10-16 19:23:19.838] Nox.exe
L [2016-10-16 19:23:19.839] Android support for Nox is not available
D [2016-10-16 19:23:19.839] InitAndroid(False): Nox END, initialization successful = True, result = False
D [2016-10-16 19:23:19.839] UpdateAndroidConfig("nox") END
D [2016-10-16 19:23:19.840] UpdateAndroidConfig("MEmu")
D [2016-10-16 19:23:19.840] InitAndroid(False): MEmu
L [2016-10-16 19:23:19.841] Serious error has occurred: Cannot find MEmu:
L [2016-10-16 19:23:19.841] C:\Program Files (x86)\Microvirt\MEmu\MEmu.exe
L [2016-10-16 19:23:19.842] Android support for MEmu is not available
D [2016-10-16 19:23:19.842] InitAndroid(False): MEmu END, initialization successful = True, result = False
D [2016-10-16 19:23:19.842] UpdateAndroidConfig("MEmu") END
D [2016-10-16 19:23:19.842] Found no installed Android Emulator
D [2016-10-16 19:23:19.845] My Bot is the only running instance
D [2016-10-16 19:23:21.951] Redraw MyBot ControlIds (forced): 0x000516C6, 0x0004133A
D [2016-10-16 19:23:21.951] Control ID 0x000516C6 Pos: 10, 115, 450, 270
D [2016-10-16 19:23:21.951] Control ID 0x0004133A Pos: 10, 389, 450, 90
D [2016-10-16 19:23:21.979] $frmBot=0x0006170C
D [2016-10-16 19:23:21.979] $frmBotEx=0x001604FC
D [2016-10-16 19:23:21.980] $frmBotBottom=0x001104C6
D [2016-10-16 19:23:21.980] $frmBotEmbeddedShield=0
D [2016-10-16 19:23:21.980] $frmBotEmbeddedGarphics=0
D [2016-10-16 19:23:22.012] Read Building Config C:\Git\MyBot6_30\Profiles\MyVillage\building.ini
D [2016-10-16 19:23:22.025] Read Config C:\Git\MyBot6_30\Profiles\MyVillage\config.ini
D [2016-10-16 19:23:22.091] Apply Config
D [2016-10-16 19:23:22.191] Redraw MyBot Window
L [2016-10-16 19:23:22.200] Android Emulator Configuration: MEmu (instance MEmu)
L [2016-10-16 19:23:23.531] YOU ARE USING A FUTURE VERSION OF MYBOT CHIEF!
L [2016-10-16 19:23:23.545] YOUR VERSION: v6.3.u
L [2016-10-16 19:23:23.557] OFFICIAL VERSION: v6.2.2
L [2016-10-16 19:23:23.569]  
D [2016-10-16 19:23:23.574] MyBot.run launch time 3893 ms.
L [2016-10-16 19:23:49.055] Closing My Bot v6.3.u.r2301 (MEmu), please wait ...
L [2016-10-16 19:23:49.079] Closing My Bot v6.3.u.r2301 (MEmu) now ...
D [2016-10-16 19:23:49.085] Searching MEmu Window: Title = 'MEmu ', Class = '[CLASS:subWin; INSTANCE:1]', Text = ''
D [2016-10-16 19:23:49.085] MEmu (MEmu) Window not found in list
D [2016-10-16 19:23:50.165] Android Emulator not launched
D [2016-10-16 19:23:50.203] Save Config C:\Git\MyBot6_30\Profiles\MyVillage\config.ini
D [2016-10-16 19:23:51.531] Save Building Config C:\Git\MyBot6_30\Profiles\MyVillage\building.ini
D [2016-10-16 19:23:52.066] MBRfunctions.dll closed.
D [2016-10-16 19:23:52.076] GUIControl_WM_NCACTIVATE: Deactivate Bot
